[0m22:47:01.680550 [debug] [MainThread]: Sending event: {'category': 'dbt', 'action': 'invocation', 'label': 'start', 'context': [<snowplow_tracker.self_describing_json.SelfDescribingJson object at 0x7c09969289a0>, <snowplow_tracker.self_describing_json.SelfDescribingJson object at 0x7c0994e6e620>, <snowplow_tracker.self_describing_json.SelfDescribingJson object at 0x7c0994e6e5c0>]}


============================== 22:47:01.693460 | b00d849b-780b-4244-b362-bd4a18871dd9 ==============================
[0m22:47:01.693460 [info ] [MainThread]: Running with dbt=1.8.7
[0m22:47:01.696506 [debug] [MainThread]: running dbt with arguments {'printer_width': '80', 'indirect_selection': 'eager', 'write_json': 'True', 'log_cache_events': 'False', 'partial_parse': 'True', 'cache_selected_only': 'False', 'profiles_dir': '/root/.dbt', 'fail_fast': 'False', 'version_check': 'True', 'log_path': 'logs', 'warn_error': 'None', 'debug': 'False', 'use_colors': 'True', 'use_experimental_parser': 'False', 'empty': 'None', 'quiet': 'False', 'no_print': 'None', 'log_format': 'default', 'static_parser': 'True', 'introspect': 'True', 'invocation_command': 'dbt init -s scheduler', 'target_path': 'None', 'warn_error_options': 'WarnErrorOptions(include=[], exclude=[])', 'send_anonymous_usage_stats': 'True'}
[0m22:47:01.733880 [warn ] [MainThread]: [ConfigFolderDirectory]: Unable to parse logging event dictionary. Failed to parse dir field: expected string or bytes-like object.. Dictionary: {'dir': PosixPath('/root/.dbt')}
[0m22:47:01.735960 [info ] [MainThread]: Creating dbt configuration folder at 
[0m22:47:01.753153 [debug] [MainThread]: Starter project path: /usr/local/lib/python3.10/site-packages/dbt/include/starter_project
[0m22:47:02.361283 [info ] [MainThread]: 
Your new dbt project "scheduler" was created!

For more information on how to configure the profiles.yml file,
please consult the dbt documentation here:

  https://docs.getdbt.com/docs/configure-your-profile

One more thing:

Need help? Don't hesitate to reach out to us via GitHub issues or on Slack:

  https://community.getdbt.com/

Happy modeling!

[0m22:47:02.383527 [debug] [MainThread]: Resource report: {"command_name": "init", "command_success": true, "command_wall_clock_time": 0.7707999, "process_user_time": 2.975789, "process_kernel_time": 0.484524, "process_mem_max_rss": "104776", "process_in_blocks": "48280", "process_out_blocks": "0"}
[0m22:47:02.390830 [debug] [MainThread]: Command `dbt init` succeeded at 22:47:02.389922 after 0.78 seconds
[0m22:47:02.395151 [debug] [MainThread]: Sending event: {'category': 'dbt', 'action': 'invocation', 'label': 'end', 'context': [<snowplow_tracker.self_describing_json.SelfDescribingJson object at 0x7c09969289a0>, <snowplow_tracker.self_describing_json.SelfDescribingJson object at 0x7c0994e6fa00>, <snowplow_tracker.self_describing_json.SelfDescribingJson object at 0x7c0994e6e680>]}
[0m22:47:02.398431 [debug] [MainThread]: Flushing usage events
